warning: attempting to set builtin-baseline in vcpkg.json while overriding the default-registry in vcpkg-configuration.json.
the default-registry from vcpkg-configuration.json will be used.
Detecting compiler hash for triplet x64-linux...
Compiler found: /usr/bin/c++
Detecting compiler hash for triplet arm64-android...
Compiler found: /pvr/android-ndk-r25c/toolchains/llvm/prebuilt/linux-x86_64/bin/clang++
The following packages are already installed:
    apriltag:arm64-android@3.4.3 -- git+https://github.com/microsoft/vcpkg@26d8a1ec2c86d1c448765293461fe5e5249cfecb
    bzip2[core,tool]:arm64-android@1.0.8#6 -- git+https://github.com/microsoft/vcpkg@2d029da682847c5ebdc54e4dbea001331a02207e
    cpp-httplib:arm64-android@0.20.1 -- git+https://github.com/microsoft/vcpkg@9537ce6671697e8042f75767b38210d91434d575
    eigen3:arm64-android@3.4.0#5 -- git+https://github.com/microsoft/vcpkg@d9b547a9e3dc5b847f5ecab763fdea9728107a16
    fmt:arm64-android@11.0.2#1 -- git+https://github.com/microsoft/vcpkg@07a73a7565e5de9eb42e90c16c133bdfdfebbcda
    fp16:arm64-android@2021-02-21#2 -- git+https://github.com/microsoft/vcpkg@387e9258cbd17b68a16e44b7fcd6bf20662aa7b1
    libarchive:arm64-android@3.7.7#1 -- /pvr/depthai-core/./cmake/ports/libarchive
    liblzma:arm64-android@5.8.1 -- git+https://github.com/microsoft/vcpkg@55eb3803f1d0388aebca8fd293963721bbf0092c
    libusb:arm64-android@1.0.27#2 -- /pvr/depthai-core/./cmake/ports/libusb
    lz4:arm64-android@1.10.0 -- git+https://github.com/microsoft/vcpkg@4f01eec10f515a428e914107c5188366380f8dd9
    magic-enum:arm64-android@0.9.7#1 -- git+https://github.com/microsoft/vcpkg@9ab95f56c0327e8b6c0190fae3d975439161ffaa
    neargye-semver:arm64-android@0.3.1 -- git+https://github.com/microsoft/vcpkg@428a2c943e4edc7e3689d1975a9bf80689ceb0dc
    nlohmann-json:arm64-android@3.12.0 -- git+https://github.com/microsoft/vcpkg@060c829772d52e920fee94cf84755031c61e3b67
  * psimd:arm64-android@2021-02-21#2 -- git+https://github.com/microsoft/vcpkg@c2958518cdbe3f8902fe0b056cf37bf1eec26137
  * pthreads:arm64-android@3.0.0#14 -- git+https://github.com/microsoft/vcpkg@2e0a6df2800d3677b941dc6504f083965b7886d9
    spdlog:arm64-android@1.15.3 -- git+https://github.com/microsoft/vcpkg@c2b47286b0759373acecdfaa3be4219711f6d059
    vcpkg-cmake:x64-linux@2024-04-23 -- git+https://github.com/microsoft/vcpkg@e74aa1e8f93278a8e71372f1fa08c3df420eb840
    vcpkg-cmake-config:x64-linux@2024-05-23 -- git+https://github.com/microsoft/vcpkg@97a63e4bc1a17422ffe4eff71da53b4b561a7841
    yaml-cpp:arm64-android@0.8.0#3 -- git+https://github.com/microsoft/vcpkg@30bb4f655d874206182c1db07bb6cd4f1f9f1c79
    zlib:arm64-android@1.3.1 -- git+https://github.com/microsoft/vcpkg@3f05e04b9aededb96786a911a16193cdb711f0c9
The following packages will be built and installed:
  * abseil:arm64-android@20250127.1#1 -- git+https://github.com/microsoft/vcpkg@6bb28e97cced88426e3126a47e247ed65608cc86
  * abseil:x64-linux@20250127.1#1 -- git+https://github.com/microsoft/vcpkg@6bb28e97cced88426e3126a47e247ed65608cc86
    backward-cpp:arm64-android@2023-11-24#1 -- git+https://github.com/microsoft/vcpkg@25c84663d7fe9c5010bfc7baf2ad7c1c70c5c429
  * boost-algorithm:arm64-android@1.88.0 -- git+https://github.com/microsoft/vcpkg@ad439228ad08c78b1db8a59d33f36a53cb2da963
  * boost-align:arm64-android@1.88.0 -- git+https://github.com/microsoft/vcpkg@4924c1722bfca24f9700837388bd5d9481695e2b
  * boost-array:arm64-android@1.88.0 -- git+https://github.com/microsoft/vcpkg@ac9d6b735393768df04f6dafaf12d503cb133e6d
  * boost-asio:arm64-android@1.88.0 -- git+https://github.com/microsoft/vcpkg@923e111ca4b1138efb1b58499edf5f04797de72f
  * boost-assert:arm64-android@1.88.0 -- git+https://github.com/microsoft/vcpkg@d6e23ac8a35da1fa74839bde3a863d279a6059a3
  * boost-bind:arm64-android@1.88.0 -- git+https://github.com/microsoft/vcpkg@a15c751451e95db5247d6cfb51087fdc9d4c358d
  * boost-cmake:arm64-android@1.88.0 -- git+https://github.com/microsoft/vcpkg@1a36be4443ec1c0be66984a1e82914a5181b37b1
  * boost-concept-check:arm64-android@1.88.0 -- git+https://github.com/microsoft/vcpkg@c0ca6d1964dab6ed90d303669d4b7f793984c51f
  * boost-config:arm64-android@1.88.0 -- git+https://github.com/microsoft/vcpkg@08220601e68293ce84acafc748856e45db90b6e0
  * boost-container:arm64-android@1.88.0 -- git+https://github.com/microsoft/vcpkg@718d272c732f63acb5fd80814fc85563f171c735
  * boost-container-hash:arm64-android@1.88.0 -- git+https://github.com/microsoft/vcpkg@ea1718341f6ab05a1e8de70803f2217501121b22
  * boost-context:arm64-android@1.88.0 -- git+https://github.com/microsoft/vcpkg@8d20de9b1b6f8a9a913d4b6356fd23fec0c906d6
  * boost-conversion:arm64-android@1.88.0 -- git+https://github.com/microsoft/vcpkg@c42652f6df8bd8617a314dfe5fe4c2faf1a7dedd
  * boost-core:arm64-android@1.88.0 -- git+https://github.com/microsoft/vcpkg@4c65d7305461035adb983409910487493fbc3c17
  * boost-date-time:arm64-android@1.88.0 -- git+https://github.com/microsoft/vcpkg@27fa7c8f51d9c33b0764250d263bd62e22204ce1
  * boost-describe:arm64-android@1.88.0 -- git+https://github.com/microsoft/vcpkg@c8f7e17ade0012c59a0f0a4fd2eed310e46a62a2
  * boost-detail:arm64-android@1.88.0 -- git+https://github.com/microsoft/vcpkg@98a332b03b6cea4761f88e91583365d6541a363a
  * boost-exception:arm64-android@1.88.0 -- git+https://github.com/microsoft/vcpkg@a9ea525002cadc70c3ea9bdf08c12d09772b8856
  * boost-function:arm64-android@1.88.0 -- git+https://github.com/microsoft/vcpkg@dd9ac4db4f4b66a229827fe980cf6383a5e7d3a6
  * boost-function-types:arm64-android@1.88.0 -- git+https://github.com/microsoft/vcpkg@89350648b176e8b7fa29c581eacb759399beb1a4
  * boost-functional:arm64-android@1.88.0 -- git+https://github.com/microsoft/vcpkg@2ff2af6a3352bb8fbf08b0c8d0ee09be73db31d4
  * boost-fusion:arm64-android@1.88.0 -- git+https://github.com/microsoft/vcpkg@bd409c100d97251c34028434e9229dbdc2a9b6ab
  * boost-headers:arm64-android@1.88.0 -- git+https://github.com/microsoft/vcpkg@89fca00b9db236eb0cb0ea97b9db246c2db7b3e1
  * boost-integer:arm64-android@1.88.0 -- git+https://github.com/microsoft/vcpkg@74fcf2f7483b0b82c14d59e9feaa006a75403e3d
  * boost-intrusive:arm64-android@1.88.0 -- git+https://github.com/microsoft/vcpkg@0e559d87a538a62ab92d14b3a1bf20f4b15e9801
  * boost-io:arm64-android@1.88.0 -- git+https://github.com/microsoft/vcpkg@bf0040fba4e0e01974090341efb3a14e69226ff4
  * boost-iterator:arm64-android@1.88.0 -- git+https://github.com/microsoft/vcpkg@8c9d7242f99b48a2179719640bc47c4a8a2f8f70
  * boost-lexical-cast:arm64-android@1.88.0 -- git+https://github.com/microsoft/vcpkg@c3631cacb2113b407eaa8be643a96dae14464f79
  * boost-move:arm64-android@1.88.0 -- git+https://github.com/microsoft/vcpkg@36644849a94e71b5527a68a3896b12ee41da8197
  * boost-mp11:arm64-android@1.88.0 -- git+https://github.com/microsoft/vcpkg@2f04ead9077fd5a1906dde8aaedbbae09c5cab8c
  * boost-mpl:arm64-android@1.88.0 -- git+https://github.com/microsoft/vcpkg@6cdd95078ed4dc9bd700884cfc132dca24a99013
  * boost-numeric-conversion:arm64-android@1.88.0 -- git+https://github.com/microsoft/vcpkg@79af9270e64b3948e4fe3c0c911614c090450bae
  * boost-optional:arm64-android@1.88.0 -- git+https://github.com/microsoft/vcpkg@1c8c7aa2e1a750a5faf818b3bc8e0491f415b489
  * boost-pool:arm64-android@1.88.0 -- git+https://github.com/microsoft/vcpkg@f60821c1894371525636f260d1759ed9d3c0bf1e
  * boost-predef:arm64-android@1.88.0 -- git+https://github.com/microsoft/vcpkg@9800c52c1d92d169572ff2f2ed5fb936eb818c68
  * boost-preprocessor:arm64-android@1.88.0 -- git+https://github.com/microsoft/vcpkg@499a4341d1d58ed648cc36f9634e6eed3972bf9d
  * boost-range:arm64-android@1.88.0 -- git+https://github.com/microsoft/vcpkg@81d6d0d0180e3c891f8b9de796b017ab7c0f5659
  * boost-regex:arm64-android@1.88.0 -- git+https://github.com/microsoft/vcpkg@dd6a6b9acf08471a6fae62bf01f6d31d813674ec
  * boost-smart-ptr:arm64-android@1.88.0 -- git+https://github.com/microsoft/vcpkg@e65d7713ee5deba4953e849c2d8a370d65ae964e
  * boost-static-assert:arm64-android@1.88.0 -- git+https://github.com/microsoft/vcpkg@2cb92121f4df9c9b122c4837cb8e41ac1f4800b6
  * boost-system:arm64-android@1.88.0 -- git+https://github.com/microsoft/vcpkg@737c0b0cf6378ebcf004985963d7d5503b4a0cce
  * boost-throw-exception:arm64-android@1.88.0 -- git+https://github.com/microsoft/vcpkg@cce052773fa40ae37c9497cf38739945720cf104
  * boost-tokenizer:arm64-android@1.88.0 -- git+https://github.com/microsoft/vcpkg@221203f5ced5b51f2908b045dcacc1e9b5140b33
  * boost-tuple:arm64-android@1.88.0 -- git+https://github.com/microsoft/vcpkg@55ab535f246ac9b26b4a76d5182fc593914bd691
  * boost-type-traits:arm64-android@1.88.0 -- git+https://github.com/microsoft/vcpkg@5c25a4ff2c1fd4d4eb993dfed7cba2b32fd020a6
  * boost-typeof:arm64-android@1.88.0 -- git+https://github.com/microsoft/vcpkg@75c8940f03c4002bb502d869a77288d59081d026
  * boost-uninstall:arm64-android@1.88.0 -- git+https://github.com/microsoft/vcpkg@3b2f9f82076f2d15124a4e449700848c25bcadcc
  * boost-unordered:arm64-android@1.88.0 -- git+https://github.com/microsoft/vcpkg@0c41c1a7f1cbf9fa1c6f2c88050fc5a4100fc0de
  * boost-utility:arm64-android@1.88.0 -- git+https://github.com/microsoft/vcpkg@9600bd33e0b671744e96c3d032170cf4ee1d1be5
  * boost-variant2:arm64-android@1.88.0 -- git+https://github.com/microsoft/vcpkg@caf09c0bd44b9d3a5d2c3b17762675acaf0baac0
  * boost-winapi:arm64-android@1.88.0 -- git+https://github.com/microsoft/vcpkg@8b3ab1e64c2ac905bd598e30fba1101c5b8a2e72
    cpr[core,ssl]:arm64-android@1.11.0 -- /pvr/depthai-core/./cmake/ports/cpr
  * curl[core,non-http,openssl,ssl]:arm64-android@8.14.0 -- git+https://github.com/microsoft/vcpkg@a6dd0b68e9a05ab5fb22973d7458aca29add3111
    mp4v2:arm64-android@2.1.3 -- /pvr/depthai-core/./cmake/ports/mp4v2
  * openssl:arm64-android@3.5.0#1 -- git+https://github.com/microsoft/vcpkg@6819498ce6c5c3e379b3ffbd2b5d93e3fc271933
    protobuf:arm64-android@5.29.3 -- git+https://github.com/microsoft/vcpkg@53c97b927087d1919f2a7ef6c34e4caf1a00cdf9
  * protobuf:x64-linux@5.29.3 -- git+https://github.com/microsoft/vcpkg@53c97b927087d1919f2a7ef6c34e4caf1a00cdf9
  * utf8-range:x64-linux@5.29.3 -- git+https://github.com/microsoft/vcpkg@67a0b0ded179b27dc30195bab68549fab519e1e2
  * utf8-range:arm64-android@5.29.3 -- git+https://github.com/microsoft/vcpkg@67a0b0ded179b27dc30195bab68549fab519e1e2
  * vcpkg-boost:x64-linux@2025-03-29 -- git+https://github.com/microsoft/vcpkg@858b0333b773b5650c3f19ef271e3205542d7ceb
  * vcpkg-cmake-get-vars:x64-linux@2024-09-22 -- git+https://github.com/microsoft/vcpkg@f23148add155147f3d95ae622d3b0031beb25acf
    websocketpp[core,recommended]:arm64-android@0.8.2#3 -- /pvr/depthai-core/./cmake/ports/websocketpp
Additional packages (*) will be modified to complete this operation.
Restored 0 package(s) from /pvr/depthai-core/vcpkg/archives in 213 us. Use --debug to see more details.
Installing 1/65 backward-cpp:arm64-android@2023-11-24#1...
Building backward-cpp:arm64-android@2023-11-24#1...
/pvr/depthai-core/vcpkg/triplets/arm64-android.cmake: info: loaded overlay triplet from here
/root/.cache/vcpkg/registries/git-trees/25c84663d7fe9c5010bfc7baf2ad7c1c70c5c429: info: installing from git registry git+https://github.com/microsoft/vcpkg@25c84663d7fe9c5010bfc7baf2ad7c1c70c5c429
-- Using cached bombela-backward-cpp-51f0700452cf71c57d43c2d028277b24cde32502.tar.gz
-- Cleaning sources at /pvr/depthai-core/build-android-arm64/vcpkg/buildtrees/backward-cpp/src/24cde32502-a757d548a3.clean. Use --editable to skip cleaning for the packages you specify.
-- Extracting source /pvr/depthai-core/build-android-arm64/vcpkg/downloads/bombela-backward-cpp-51f0700452cf71c57d43c2d028277b24cde32502.tar.gz
-- Using source at /pvr/depthai-core/build-android-arm64/vcpkg/buildtrees/backward-cpp/src/24cde32502-a757d548a3.clean
-- Configuring arm64-android
-- Building arm64-android-dbg
CMake Error at /pvr/depthai-core/build-android-arm64/vcpkg/scripts/cmake/vcpkg_execute_build_process.cmake:134 (message):
    Command failed: /pvr/depthai-core/vcpkg/downloads/tools/cmake-3.30.1-linux/cmake-3.30.1-linux-x86_64/bin/cmake --build . --config Debug --target install -- -v -j5
    Working Directory: /pvr/depthai-core/build-android-arm64/vcpkg/buildtrees/backward-cpp/arm64-android-dbg
    See logs for more information:
      /pvr/depthai-core/build-android-arm64/vcpkg/buildtrees/backward-cpp/install-arm64-android-dbg-out.log

Call Stack (most recent call first):
  /pvr/depthai-core/build-android-arm64/vcpkg_installed/x64-linux/share/vcpkg-cmake/vcpkg_cmake_build.cmake:74 (vcpkg_execute_build_process)
  /pvr/depthai-core/build-android-arm64/vcpkg_installed/x64-linux/share/vcpkg-cmake/vcpkg_cmake_install.cmake:16 (vcpkg_cmake_build)
  /root/.cache/vcpkg/registries/git-trees/25c84663d7fe9c5010bfc7baf2ad7c1c70c5c429/portfile.cmake:14 (vcpkg_cmake_install)
  /pvr/depthai-core/build-android-arm64/vcpkg/scripts/ports.cmake:206 (include)


error: building backward-cpp:arm64-android failed with: BUILD_FAILED
See https://learn.microsoft.com/vcpkg/troubleshoot/build-failures?WT.mc_id=vcpkg_inproduct_cli for more information.
Elapsed time to handle backward-cpp:arm64-android: 1.2 s
Please ensure you're using the latest port files with `git pull` and `vcpkg update`.
Then check for known issues at:
  https://github.com/microsoft/vcpkg/issues?q=is%3Aissue+is%3Aopen+in%3Atitle+backward-cpp
You can submit a new issue at:
  https://github.com/microsoft/vcpkg/issues/new?title=%5Bbackward-cpp%5D%20build%20error%20on%20arm64-android&body=Copy%20issue%20body%20from%20%2Fpvr%2Fdepthai-core%2Fbuild-android-arm64%2Fvcpkg_installed%2Fvcpkg%2Fissue_body.md

